<?xml version="1.0" encoding="UTF-8"?>
<!-- Generated by org.testng.reporters.JUnitReportReporter -->
<testsuite hostname="Mituls-MacBook-Pro.local" failures="0" tests="1" name="com.api.petstore.tests.PetTest" time="1.342" errors="0" timestamp="26 Jul. 2020 16:49:05 GMT" skipped="0">
  <testcase classname="com.api.petstore.tests.PetTest" name="findPetByStatus" time="1.342"/>
</testsuite> <!-- com.api.petstore.tests.PetTest -->
